<?xml version="1.0" encoding="UTF-8"?>
<!-- Generated by org.testng.reporters.JUnitReportReporter -->
<testsuite hostname="DESKTOP-RCCME7K" failures="0" tests="4" name="jt.Annotation" time="0.010" errors="0" timestamp="2022-12-16T10:42:07 IST" skipped="0">
  <testcase classname="jt.Annotation" name="app" time="0.002"/>
  <system-out/>
  <testcase classname="jt.Annotation" name="app" time="0.002"/>
  <system-out/>
  <testcase classname="jt.Annotation" name="login" time="0.002"/>
  <system-out/>
  <testcase classname="jt.Annotation" name="login" time="0.004"/>
  <system-out/>
</testsuite> <!-- jt.Annotation -->
