<?xml version="1.0" encoding="UTF-8"?>
<!-- Generated by org.testng.reporters.JUnitReportReporter -->
<testsuite hostname="DESKTOP-RCCME7K" failures="0" tests="1" name="jt.test.DashboardTest" time="17.969" errors="0" timestamp="2022-12-27T00:11:17 IST" skipped="0">
  <testcase classname="jt.test.DashboardTest" name="verifyUserAccount" time="17.969"/>
  <system-out/>
</testsuite> <!-- jt.test.DashboardTest -->
