<?xml version="1.0" encoding="UTF-8"?>
<!-- Generated by org.testng.reporters.JUnitReportReporter -->
<testsuite hostname="DESKTOP-RCCME7K" failures="0" tests="2" name="jt.MethodsAnnotation" time="0.022" errors="0" timestamp="2022-12-15T10:01:50 IST" skipped="0">
  <testcase classname="jt.MethodsAnnotation" name="testcases" time="0.018"/>
  <system-out/>
  <testcase classname="jt.MethodsAnnotation" name="testcsae2" time="0.004"/>
  <system-out/>
</testsuite> <!-- jt.MethodsAnnotation -->
