<?xml version="1.0" encoding="UTF-8"?>
<!-- Generated by org.testng.reporters.JUnitReportReporter -->
<testsuite hostname="DESKTOP-RCCME7K" failures="0" tests="1" name="jt.TestNGTestCases" time="19.228" errors="0" timestamp="2022-12-11T12:35:59 IST" skipped="0">
  <testcase classname="jt.TestNGTestCases" name="orangeHrmLogin" time="19.228"/>
  <system-out/>
</testsuite> <!-- jt.TestNGTestCases -->
