<?xml version="1.0" encoding="UTF-8"?>
<!-- Generated by org.testng.reporters.JUnitReportReporter -->
<testsuite hostname="DESKTOP-RCCME7K" failures="0" tests="1" name="jt.test.DashboardTest" time="16.507" errors="0" timestamp="2022-12-31T20:01:38 IST" skipped="0">
  <testcase classname="jt.test.DashboardTest" name="verifyUserAccount" time="16.507"/>
  <system-out/>
</testsuite> <!-- jt.test.DashboardTest -->
